<?xml version="1.0" encoding="UTF-8"?>
<!-- Generated by org.testng.reporters.JUnitXMLReporter -->
<testsuite hostname="DESKTOP-28A6BD0" ignored="0" name="Command line test" tests="3" failures="0" timestamp="28 Nov 2019 20:26:38 GMT" time="34.984" errors="0">
  <testcase name="test" time="12.854" classname="com.qa.base.TestBase"/>
  <testcase name="test1" time="10.574" classname="com.qa.base.TestBase1"/>
  <testcase name="test" time="11.507" classname="com.qa.base.TestBase2"/>
</testsuite> <!-- Command line test -->
