<?xml version="1.0" encoding="UTF-8"?>
<testng-results skipped="0" failed="0" ignored="0" total="1" passed="1">
  <reporter-output>
  </reporter-output>
  <suite name="Default suite" duration-ms="12797" started-at="2019-11-28T19:03:11Z" finished-at="2019-11-28T19:03:23Z">
    <groups>
    </groups>
    <test name="Default test" duration-ms="12797" started-at="2019-11-28T19:03:11Z" finished-at="2019-11-28T19:03:23Z">
      <class name="com.qa.base.TestBase">
        <test-method status="PASS" signature="test()[pri:0, instance:com.qa.base.TestBase@29ee9faa]" name="test" duration-ms="12772" started-at="2019-11-28T19:03:11Z" finished-at="2019-11-28T19:03:23Z">
          <reporter-output>
          </reporter-output>
        </test-method> <!-- test -->
      </class> <!-- com.qa.base.TestBase -->
    </test> <!-- Default test -->
  </suite> <!-- Default suite -->
</testng-results>
